<?xml version="1.0" encoding="UTF-8"?>
<!-- Generated by org.testng.reporters.JUnitReportReporter -->
<testsuite hostname="snail" failures="0" tests="1" name="FunctionalTest.CruiseTest" time="6.556" errors="0" timestamp="2023-03-28T12:14:34 COT" skipped="0">
  <testcase classname="FunctionalTest.CruiseTest" name="userStory1" time="6.556"/>
  <system-out/>
</testsuite> <!-- FunctionalTest.CruiseTest -->
